<?xml version="1.0" encoding="UTF-8"?>
<!-- Generated by org.testng.reporters.JUnitReportReporter -->
<testsuite skipped="0" hostname="SK-LT-58" name="new1.Class1" tests="1" failures="0" timestamp="28 Nov 2017 06:53:22 GMT" time="0.016" errors="0">
  <testcase name="m1" time="0.016" classname="new1.Class1"/>
</testsuite> <!-- new1.Class1 -->
